screen -S ${USER}_part2
man ls (затем двойное нажатие tab)
$HIST (двойное нажатие tab)
echo $HISTFILESIZE
ls .*
export HISTTIMEFORMAT="%F "
export PROMPT_COMMAND="history -a"
date
history
cat $HISTFILE
export DATE=$(date +%F)
echo $DATE
export TIME=$(date +%T)
echo $TIME
export DATE_TIME="${DATE} ${TIME}"
echo $DATE_TIME
ls /bin/* /sbin/* | grep -E '[0-9]'
export PS1="${USER}@${HOSTNAME}-$(date +%H:%M):\w\$ "
export PS1='\[\e]0;\u@\h: \w\a\]${debian_chroot:+()}\[\033[01;32m\]\u@\h\[\033[00m\]:\[\033[01;34m\]\w\[\033[00m\]$ '
for i in {01..12}; do mkdir "$(date +%Y)-${i}"; done
